Build started 23.12.2014 г. 19:23:45 ч..
     1>Project "C:\Users\user\Documents\Visual Studio 2013\Projects\Game\Game\Game.vcxproj" on node 2 (Build target(s)).
     1>ClCompile:
         C:\Program Files (x86)\Microsoft Visual Studio 12.0\VC\bin\CL.exe /c /ZI /nologo /W3 /WX- /Od /Oy- /D WIN32 /D _DEBUG /D _CONSOLE /D _LIB /D _UNICODE /D UNICODE /Gm /EHsc /RTC1 /MDd /GS /fp:precise /Zc:wchar_t /Zc:forScope /Fo"Debug\\" /Fd"Debug\vc120.pdb" /Gd /TP /analyze- /errorReport:prompt Armor.cpp Being.cpp Gameplay.cpp Item.cpp Map.cpp Monster.cpp Player.cpp Point.cpp Source.cpp Weapon.cpp
         Weapon.cpp
         Source.cpp
         Point.cpp
         Player.cpp
     1>c:\users\user\documents\visual studio 2013\projects\game\game\player.cpp(53): warning C4018: '<' : signed/unsigned mismatch
     1>c:\users\user\documents\visual studio 2013\projects\game\game\player.cpp(70): warning C4018: '<' : signed/unsigned mismatch
     1>c:\users\user\documents\visual studio 2013\projects\game\game\player.cpp(105): warning C4018: '<' : signed/unsigned mismatch
     1>c:\users\user\documents\visual studio 2013\projects\game\game\player.cpp(118): warning C4018: '<' : signed/unsigned mismatch
     1>c:\users\user\documents\visual studio 2013\projects\game\game\player.cpp(132): warning C4018: '<' : signed/unsigned mismatch
         Monster.cpp
     1>c:\users\user\documents\visual studio 2013\projects\game\game\monster.cpp(21): warning C4996: 'strcpy': This function or variable may be unsafe. Consider using strcpy_s instead. To disable deprecation, use _CRT_SECURE_NO_WARNINGS. See online help for details.
                 c:\program files (x86)\microsoft visual studio 12.0\vc\include\string.h(112) : see declaration of 'strcpy'
         Map.cpp
     1>c:\users\user\documents\visual studio 2013\projects\game\game\map.cpp(40): warning C4244: 'initializing' : conversion from 'std::streamoff' to 'int', possible loss of data
     1>c:\users\user\documents\visual studio 2013\projects\game\game\map.cpp(45): warning C4018: '<' : signed/unsigned mismatch
     1>c:\users\user\documents\visual studio 2013\projects\game\game\map.cpp(178): warning C4244: 'initializing' : conversion from 'std::streamoff' to 'int', possible loss of data
     1>c:\users\user\documents\visual studio 2013\projects\game\game\map.cpp(185): warning C4018: '<' : signed/unsigned mismatch
     1>c:\users\user\documents\visual studio 2013\projects\game\game\map.cpp(194): warning C4018: '<' : signed/unsigned mismatch
         Item.cpp
     1>c:\users\user\documents\visual studio 2013\projects\game\game\item.cpp(23): warning C4996: 'strcpy': This function or variable may be unsafe. Consider using strcpy_s instead. To disable deprecation, use _CRT_SECURE_NO_WARNINGS. See online help for details.
                 c:\program files (x86)\microsoft visual studio 12.0\vc\include\string.h(112) : see declaration of 'strcpy'
         Gameplay.cpp
     1>c:\users\user\documents\visual studio 2013\projects\game\game\gameplay.cpp(158): warning C4996: '_sleep': This function or variable has been superceded by newer library or operating system functionality. Consider using Sleep instead. See online help for details.
                 c:\program files (x86)\microsoft visual studio 12.0\vc\include\stdlib.h(911) : see declaration of '_sleep'
     1>c:\users\user\documents\visual studio 2013\projects\game\game\gameplay.cpp(235): warning C4244: 'argument' : conversion from 'time_t' to 'unsigned int', possible loss of data
         Being.cpp
     1>c:\users\user\documents\visual studio 2013\projects\game\game\being.cpp(60): warning C4018: '<' : signed/unsigned mismatch
         Armor.cpp
         Generating Code...
       Link:
         C:\Program Files (x86)\Microsoft Visual Studio 12.0\VC\bin\link.exe /ERRORREPORT:PROMPT /OUT:"C:\Users\user\Documents\Visual Studio 2013\Projects\Game\Debug\Game.exe" /INCREMENTAL /NOLOGO kernel32.lib user32.lib gdi32.lib winspool.lib comdlg32.lib advapi32.lib shell32.lib ole32.lib oleaut32.lib uuid.lib odbc32.lib odbccp32.lib /MANIFEST /MANIFESTUAC:"level='asInvoker' uiAccess='false'" /manifest:embed /DEBUG /PDB:"C:\Users\user\Documents\Visual Studio 2013\Projects\Game\Debug\Game.pdb" /SUBSYSTEM:CONSOLE /TLBID:1 /DYNAMICBASE /NXCOMPAT /IMPLIB:"C:\Users\user\Documents\Visual Studio 2013\Projects\Game\Debug\Game.lib" /MACHINE:X86 Debug\Armor.obj
         Debug\Being.obj
         Debug\Gameplay.obj
         Debug\Item.obj
         Debug\Map.obj
         Debug\Monster.obj
         Debug\Player.obj
         Debug\Point.obj
         Debug\Source.obj
         Debug\Weapon.obj
         Game.vcxproj -> C:\Users\user\Documents\Visual Studio 2013\Projects\Game\Debug\Game.exe
     1>Done Building Project "C:\Users\user\Documents\Visual Studio 2013\Projects\Game\Game\Game.vcxproj" (Build target(s)).

Build succeeded.

Time Elapsed 00:00:07.66
